INFO:family member:день 0
INFO:family member:день 1
INFO:husband:Jack played videogame
INFO:wife:Marry dreamt of a fur coat all day
INFO:cat:Garfield scrath the wallpaper
INFO:family member:день 2
INFO:family member:Jack eaten 6 points of food
INFO:family member:Marry eaten 14 points of food
INFO:cat:Garfield slept
INFO:family member:день 3
INFO:husband:Jack worked
INFO:wife:Marry bought food for family (100)
INFO:cat:Garfield eaten 10 points of food
INFO:family member:день 4
INFO:husband:Jack played videogame
INFO:wife:Marry dreamt of a fur coat all day
INFO:cat:Garfield scrath the wallpaper
INFO:family member:день 5
INFO:family member:день 6
INFO:family member:день 7
INFO:family member:день 8
INFO:family member:день 9
INFO:family member:день 10
INFO:husband:Jack worked
INFO:wife:Marry bought food for cat (33) and family (58)
INFO:cat:Garfield eaten 3 points of food
INFO:family member:день 11
INFO:family member:Jack eaten 18 points of food
INFO:family member:Marry eaten 9 points of food
INFO:cat:Garfield slept
INFO:family member:день 12
INFO:family member:день 13
INFO:family member:день 14
ERROR:wife:No dirt to remove!
INFO:family member:день 15
INFO:wife:Marry removed 53 points of dirt
INFO:family member:день 16
INFO:husband:Jack worked
INFO:wife:Marry bought food for cat (35) and family (59)
INFO:cat:Garfield eaten 6 points of food
INFO:family member:день 17
INFO:family member:день 18
INFO:family member:Jack eaten 26 points of food
INFO:family member:Marry eaten 6 points of food
INFO:cat:Garfield slept
INFO:family member:день 19
INFO:husband:Jack played videogame
INFO:wife:Marry dreamt of a fur coat all day
INFO:cat:Garfield scrath the wallpaper
INFO:family member:день 20
INFO:cat:Garfield eaten 10 points of food
INFO:husband:Jack played videogame
INFO:wife:Marry dreamt of a fur coat all day
INFO:cat:Garfield scrath the wallpaper
INFO:family member:день 21
INFO:husband:Jack played videogame
INFO:wife:Marry dreamt of a fur coat all day
INFO:cat:Garfield scrath the wallpaper
INFO:family member:день 22
INFO:cat:Garfield eaten 10 points of food
INFO:husband:Jack played videogame
INFO:wife:Marry dreamt of a fur coat all day
INFO:cat:Garfield scrath the wallpaper
INFO:family member:день 23
INFO:family member:Jack eaten 18 points of food
INFO:family member:Marry eaten 24 points of food
INFO:cat:Garfield slept
INFO:family member:день 24
INFO:cat:Garfield eaten 10 points of food
INFO:wife:Marry removed 21 points of dirt
INFO:family member:день 25
INFO:family member:день 26
INFO:family member:день 27
INFO:family member:Jack eaten 5 points of food
INFO:family member:Marry eaten 15 points of food
INFO:cat:Garfield slept
INFO:family member:день 28
INFO:wife:Marry removed 18 points of dirt
INFO:family member:день 29
INFO:husband:Jack played videogame
INFO:wife:Marry dreamt of a fur coat all day
INFO:cat:Garfield scrath the wallpaper
INFO:family member:день 30
INFO:cat:Garfield eaten 10 points of food
INFO:family member:день 31
INFO:family member:день 32
INFO:wife:Marry removed 65 points of dirt
INFO:family member:день 33
INFO:husband:Jack worked
INFO:wife:Marry bought food for cat (35) and family (58)
INFO:cat:Garfield eaten 10 points of food
INFO:family member:день 34
INFO:family member:день 35
INFO:family member:Jack eaten 14 points of food
INFO:family member:Marry eaten 3 points of food
INFO:cat:Garfield slept
INFO:family member:день 36
INFO:family member:день 37
INFO:family member:день 38
INFO:family member:Jack eaten 16 points of food
INFO:family member:Marry eaten 1 points of food
INFO:cat:Garfield slept
INFO:family member:день 39
INFO:family member:день 40
INFO:husband:Jack played videogame
INFO:wife:Marry dreamt of a fur coat all day
INFO:cat:Garfield scrath the wallpaper
INFO:family member:день 41
INFO:cat:Garfield eaten 10 points of food
INFO:family member:Jack eaten 28 points of food
INFO:family member:Marry eaten 5 points of food
INFO:cat:Garfield slept
INFO:family member:день 42
INFO:family member:день 43
INFO:husband:Jack worked
INFO:wife:Marry bought food for cat (35) and family (55)
INFO:cat:Garfield eaten 4 points of food
INFO:family member:день 44
INFO:family member:день 45
INFO:wife:Marry removed 64 points of dirt
INFO:family member:день 46
INFO:husband:Jack played videogame
INFO:wife:Marry dreamt of a fur coat all day
INFO:cat:Garfield scrath the wallpaper
INFO:family member:день 47
INFO:family member:день 48
INFO:husband:Jack played videogame
INFO:wife:Marry dreamt of a fur coat all day
INFO:cat:Garfield scrath the wallpaper
INFO:family member:день 49
INFO:cat:Garfield eaten 10 points of food
INFO:husband:Jack played videogame
INFO:wife:Marry dreamt of a fur coat all day
INFO:cat:Garfield scrath the wallpaper
INFO:family member:день 50
INFO:family member:день 51
INFO:family member:день 52
INFO:family member:Jack eaten 16 points of food
INFO:family member:Marry eaten 16 points of food
INFO:cat:Garfield slept
INFO:family member:день 53
INFO:cat:Garfield eaten 10 points of food
INFO:husband:Jack worked
INFO:wife:Marry bought food for cat (25) and family (76)
INFO:cat:Garfield eaten 1 points of food
INFO:family member:день 54
INFO:family member:день 55
INFO:husband:Jack played videogame
INFO:wife:Marry bought a fur coat
INFO:cat:Garfield scrath the wallpaper
INFO:family member:день 56
INFO:husband:Jack played videogame
INFO:wife:Marry dreamt of a fur coat all day
INFO:cat:Garfield scrath the wallpaper
INFO:family member:день 57
INFO:family member:Jack eaten 30 points of food
INFO:cat:Garfield eaten 10 points of food
INFO:family member:день 58
INFO:wife:Marry removed 45 points of dirt
INFO:family member:день 59
INFO:family member:день 60
INFO:family member:день 61
INFO:husband:Jack played videogame
INFO:wife:Marry dreamt of a fur coat all day
INFO:cat:Garfield scrath the wallpaper
INFO:family member:день 62
INFO:husband:Jack played videogame
INFO:wife:Marry dreamt of a fur coat all day
INFO:cat:Garfield scrath the wallpaper
INFO:family member:день 63
INFO:cat:Garfield eaten 10 points of food
INFO:family member:день 64
INFO:husband:Jack played videogame
INFO:wife:Marry dreamt of a fur coat all day
INFO:cat:Garfield scrath the wallpaper
INFO:family member:день 65
INFO:family member:Jack eaten 30 points of food
INFO:family member:день 66
INFO:husband:Jack worked
INFO:wife:Marry bought food for cat (34) and family (63)
INFO:cat:Garfield eaten 1 points of food
INFO:family member:день 67
INFO:family member:Marry eaten 30 points of food
INFO:wife:Marry removed 10 points of dirt
INFO:family member:день 68
INFO:family member:день 69
ERROR:wife:No dirt to remove!
INFO:family member:день 70
INFO:wife:Marry removed 10 points of dirt
INFO:family member:день 71
INFO:wife:Marry removed 42 points of dirt
INFO:family member:день 72
INFO:family member:Marry eaten 30 points of food
INFO:husband:Jack played videogame
INFO:wife:Marry dreamt of a fur coat all day
INFO:cat:Garfield scrath the wallpaper
INFO:family member:день 73
INFO:cat:Garfield eaten 10 points of food
INFO:family member:Jack eaten 24 points of food
INFO:family member:Marry eaten 19 points of food
INFO:cat:Garfield slept
INFO:family member:день 74
INFO:family member:день 75
INFO:family member:Jack eaten 4 points of food
INFO:family member:Marry eaten 29 points of food
INFO:cat:Garfield slept
INFO:family member:день 76
INFO:cat:Garfield eaten 10 points of food
INFO:family member:день 77
INFO:husband:Jack played videogame
INFO:wife:Marry dreamt of a fur coat all day
INFO:cat:Garfield scrath the wallpaper
INFO:family member:день 78
INFO:family member:день 79
ERROR:wife:No dirt to remove!
INFO:family member:день 80
INFO:wife:Marry removed 46 points of dirt
INFO:family member:день 81
INFO:family member:день 82
INFO:family member:Jack eaten 20 points of food
INFO:family member:Marry eaten 19 points of food
INFO:cat:Garfield slept
INFO:family member:день 83
INFO:cat:Garfield eaten 10 points of food
INFO:family member:Jack eaten 30 points of food
INFO:family member:Marry eaten 29 points of food
INFO:cat:Garfield slept
INFO:family member:день 84
INFO:wife:Marry bought food for family (100)
INFO:family member:день 85
INFO:family member:день 86
INFO:husband:Jack played videogame
INFO:wife:Marry dreamt of a fur coat all day
INFO:cat:Garfield scrath the wallpaper
INFO:family member:день 87
INFO:cat:Garfield eaten 10 points of food
INFO:family member:Jack eaten 27 points of food
INFO:family member:Marry eaten 28 points of food
INFO:cat:Garfield slept
INFO:family member:день 88
INFO:wife:Marry removed 50 points of dirt
INFO:family member:день 89
INFO:family member:день 90
INFO:family member:день 91
INFO:husband:Jack played videogame
INFO:wife:Marry dreamt of a fur coat all day
INFO:cat:Garfield scrath the wallpaper
INFO:family member:день 92
INFO:cat:Garfield eaten 10 points of food
INFO:husband:Jack worked
INFO:wife:Marry bought food for family (100)
INFO:cat:Garfield eaten 1 points of food
INFO:family member:день 93
INFO:family member:Jack eaten 2 points of food
INFO:family member:Marry eaten 17 points of food
INFO:cat:Garfield slept
INFO:family member:день 94
INFO:family member:Jack eaten 26 points of food
INFO:family member:Marry eaten 14 points of food
INFO:cat:Garfield slept
INFO:family member:день 95
INFO:cat:Garfield eaten 10 points of food
INFO:husband:Jack worked
INFO:wife:Marry bought food for cat (25) and family (70)
INFO:cat:Garfield eaten 6 points of food
INFO:family member:день 96
INFO:husband:Jack worked
INFO:wife:Marry bought food for cat (37) and family (97)
INFO:cat:Garfield eaten 2 points of food
INFO:family member:день 97
INFO:family member:день 98
INFO:wife:Marry removed 44 points of dirt
INFO:family member:день 99
INFO:husband:Jack played videogame
INFO:wife:Marry dreamt of a fur coat all day
INFO:cat:Garfield scrath the wallpaper
INFO:family member:день 100
INFO:husband:Jack worked
INFO:wife:Marry bought food for cat (20) and family (66)
INFO:cat:Garfield eaten 9 points of food
INFO:family member:день 101
INFO:family member:Jack eaten 3 points of food
INFO:family member:Marry eaten 27 points of food
INFO:cat:Garfield slept
INFO:family member:день 102
INFO:family member:Jack eaten 6 points of food
INFO:family member:Marry eaten 26 points of food
INFO:cat:Garfield slept
INFO:family member:день 103
INFO:family member:день 104
INFO:family member:день 105
INFO:family member:день 106
INFO:family member:день 107
INFO:wife:Marry removed 49 points of dirt
INFO:family member:день 108
INFO:family member:день 109
INFO:husband:Jack played videogame
INFO:wife:Marry dreamt of a fur coat all day
INFO:cat:Garfield scrath the wallpaper
INFO:family member:день 110
INFO:cat:Garfield eaten 10 points of food
INFO:family member:день 111
INFO:husband:Jack worked
INFO:wife:Marry bought food for cat (35) and family (94)
INFO:cat:Garfield eaten 7 points of food
INFO:family member:день 112
INFO:husband:Jack worked
INFO:wife:Marry bought food for cat (17) and family (80)
INFO:cat:Garfield eaten 2 points of food
INFO:family member:день 113
INFO:husband:Jack worked
INFO:wife:Marry bought food for cat (19) and family (100)
INFO:cat:Garfield eaten 5 points of food
INFO:family member:день 114
INFO:family member:Jack eaten 30 points of food
INFO:family member:Marry eaten 4 points of food
INFO:cat:Garfield slept
INFO:family member:день 115
INFO:husband:Jack worked
INFO:wife:Marry bought food for cat (22) and family (51)
INFO:cat:Garfield eaten 4 points of food
INFO:family member:день 116
INFO:family member:Jack eaten 8 points of food
INFO:family member:Marry eaten 26 points of food
INFO:cat:Garfield slept
INFO:family member:день 117
INFO:wife:Marry removed 66 points of dirt
INFO:family member:день 118
INFO:family member:день 119
INFO:husband:Jack worked
INFO:wife:Marry bought food for cat (38) and family (99)
INFO:cat:Garfield eaten 4 points of food
INFO:family member:день 120
INFO:family member:день 121
INFO:husband:Jack played videogame
INFO:wife:Marry bought a fur coat
INFO:cat:Garfield scrath the wallpaper
INFO:family member:день 122
INFO:husband:Jack played videogame
INFO:wife:Marry dreamt of a fur coat all day
INFO:cat:Garfield scrath the wallpaper
INFO:family member:день 123
INFO:cat:Garfield eaten 10 points of food
INFO:family member:день 124
INFO:family member:Jack eaten 29 points of food
INFO:family member:Marry eaten 28 points of food
INFO:cat:Garfield slept
INFO:family member:день 125
INFO:family member:день 126
INFO:family member:день 127
INFO:husband:Jack played videogame
INFO:wife:Marry dreamt of a fur coat all day
INFO:cat:Garfield scrath the wallpaper
INFO:family member:день 128
INFO:cat:Garfield eaten 10 points of food
INFO:family member:Jack eaten 23 points of food
INFO:family member:Marry eaten 1 points of food
INFO:cat:Garfield slept
INFO:family member:день 129
INFO:family member:день 130
INFO:wife:Marry removed 17 points of dirt
INFO:family member:день 131
INFO:family member:Jack eaten 1 points of food
INFO:family member:Marry eaten 23 points of food
INFO:cat:Garfield slept
INFO:family member:день 132
INFO:cat:Garfield eaten 10 points of food
INFO:family member:Jack eaten 27 points of food
INFO:family member:Marry eaten 9 points of food
INFO:cat:Garfield slept
INFO:family member:день 133
INFO:family member:день 134
ERROR:wife:No dirt to remove!
INFO:family member:день 135
INFO:wife:Marry removed 79 points of dirt
INFO:family member:день 136
INFO:husband:Jack played videogame
INFO:wife:Marry dreamt of a fur coat all day
INFO:cat:Garfield scrath the wallpaper
INFO:family member:день 137
INFO:cat:Garfield eaten 10 points of food
INFO:family member:день 138
INFO:family member:день 139
INFO:husband:Jack worked
INFO:wife:Marry bought food for cat (16) and family (59)
INFO:cat:Garfield eaten 8 points of food
INFO:family member:день 140
INFO:family member:Jack eaten 13 points of food
INFO:family member:Marry eaten 3 points of food
INFO:cat:Garfield slept
INFO:family member:день 141
INFO:husband:Jack worked
INFO:wife:Marry bought food for cat (32) and family (56)
INFO:cat:Garfield eaten 5 points of food
INFO:family member:день 142
INFO:family member:день 143
INFO:family member:день 144
INFO:family member:день 145
INFO:family member:день 146
INFO:husband:Jack played videogame
INFO:wife:Marry dreamt of a fur coat all day
INFO:cat:Garfield scrath the wallpaper
INFO:family member:день 147
INFO:family member:день 148
INFO:husband:Jack played videogame
INFO:wife:Marry dreamt of a fur coat all day
INFO:cat:Garfield scrath the wallpaper
INFO:family member:день 149
INFO:cat:Garfield eaten 10 points of food
INFO:wife:Marry removed 61 points of dirt
INFO:family member:день 150
INFO:husband:Jack worked
INFO:wife:Marry bought food for cat (34) and family (66)
INFO:cat:Garfield eaten 8 points of food
INFO:family member:день 151
INFO:family member:день 152
INFO:husband:Jack played videogame
INFO:wife:Marry dreamt of a fur coat all day
INFO:cat:Garfield scrath the wallpaper
INFO:family member:день 153
INFO:family member:Jack eaten 25 points of food
INFO:family member:Marry eaten 10 points of food
INFO:cat:Garfield slept
INFO:family member:день 154
INFO:family member:Jack eaten 30 points of food
INFO:family member:Marry eaten 6 points of food
INFO:cat:Garfield slept
INFO:family member:день 155
INFO:cat:Garfield eaten 10 points of food
INFO:family member:Jack eaten 25 points of food
INFO:family member:Marry eaten 20 points of food
INFO:cat:Garfield slept
INFO:family member:день 156
INFO:husband:Jack played videogame
INFO:wife:Marry dreamt of a fur coat all day
INFO:cat:Garfield scrath the wallpaper
INFO:family member:день 157
INFO:cat:Garfield eaten 10 points of food
INFO:family member:день 158
INFO:husband:Jack played videogame
INFO:wife:Marry dreamt of a fur coat all day
INFO:cat:Garfield scrath the wallpaper
INFO:family member:день 159
INFO:family member:Jack eaten 28 points of food
INFO:family member:Marry eaten 26 points of food
INFO:cat:Garfield slept
INFO:family member:день 160
INFO:cat:Garfield eaten 10 points of food
INFO:husband:Jack worked
INFO:wife:Marry bought food for cat (32) and family (64)
INFO:cat:Garfield eaten 4 points of food
INFO:family member:день 161
INFO:family member:день 162
INFO:wife:Marry removed 55 points of dirt
INFO:family member:день 163
INFO:family member:день 164
INFO:family member:день 165
INFO:family member:день 166
INFO:family member:день 167
INFO:family member:Jack eaten 6 points of food
INFO:family member:Marry eaten 3 points of food
INFO:cat:Garfield slept
INFO:family member:день 168
INFO:family member:день 169
INFO:husband:Jack played videogame
INFO:wife:Marry dreamt of a fur coat all day
INFO:cat:Garfield scrath the wallpaper
INFO:family member:день 170
INFO:family member:день 171
INFO:family member:день 172
INFO:family member:день 173
INFO:wife:Marry removed 74 points of dirt
INFO:family member:день 174
INFO:family member:день 175
INFO:family member:день 176
INFO:family member:день 177
INFO:family member:день 178
INFO:family member:день 179
INFO:family member:день 180
INFO:husband:Jack played videogame
INFO:wife:Marry dreamt of a fur coat all day
INFO:cat:Garfield scrath the wallpaper
INFO:family member:день 181
INFO:family member:Garfield died. End of the experiment
